{
  "RSpec": {
    "coverage": {
      "/Users/tracy/src/rails/2.7/book_searcher/app/jobs/documents_create_job.rb": {
        "lines": [
          1,
          1,
          null,
          1,
          4,
          4,
          4,
          null,
          4,
          4,
          null,
          2,
          0,
          null,
          null,
          null
        ]
      },
      "/Users/tracy/src/rails/2.7/book_searcher/app/jobs/application_job.rb": {
        "lines": [
          1,
          null,
          null,
          null,
          null,
          null,
          null
        ]
      },
      "/Users/tracy/src/rails/2.7/book_searcher/app/models/search.rb": {
        "lines": [
          1,
          1,
          1,
          1,
          null,
          1,
          3,
          3,
          2,
          null,
          null,
          null,
          null,
          1,
          3,
          3,
          3,
          null,
          null,
          null,
          1,
          10,
          null,
          null
        ]
      },
      "/Users/tracy/src/rails/2.7/book_searcher/app/models/application_record.rb": {
        "lines": [
          1,
          1,
          null
        ]
      },
      "/Users/tracy/src/rails/2.7/book_searcher/app/models/library_search.rb": {
        "lines": [
          1,
          1,
          null,
          1,
          1,
          1,
          null,
          1,
          null,
          1,
          6,
          6,
          null,
          null,
          1,
          6,
          null,
          null,
          6,
          null,
          null,
          null,
          null,
          1,
          2,
          2,
          null,
          2,
          2,
          null,
          2,
          1,
          0,
          0,
          0,
          0,
          null,
          null,
          null,
          0,
          null,
          0,
          null,
          null,
          null,
          null
        ]
      },
      "/Users/tracy/src/rails/2.7/book_searcher/app/controllers/application_controller.rb": {
        "lines": [
          1,
          null
        ]
      },
      "/Users/tracy/src/rails/2.7/book_searcher/app/models/document.rb": {
        "lines": [
          1,
          1,
          null,
          1,
          7,
          null,
          2,
          null,
          2,
          null,
          null,
          2,
          null,
          null
        ]
      },
      "/Users/tracy/src/rails/2.7/book_searcher/app/controllers/library_controller.rb": {
        "lines": [
          1,
          1,
          2,
          2,
          2,
          null,
          null,
          2,
          2,
          null,
          2,
          null,
          null,
          1,
          7,
          null,
          7,
          null,
          7,
          null,
          null,
          1,
          null,
          1,
          7,
          null,
          null,
          1,
          7,
          null,
          3,
          3,
          null,
          null,
          1,
          7,
          null,
          null,
          1,
          7,
          null,
          null,
          1,
          7,
          null,
          null,
          1,
          7,
          null,
          null,
          1,
          7,
          null,
          null,
          1,
          10,
          null,
          null,
          1,
          6,
          null,
          null
        ]
      },
      "/Users/tracy/src/rails/2.7/book_searcher/app/serializers/document_serializer.rb": {
        "lines": [
          1,
          1,
          null,
          1,
          null,
          13,
          null,
          null,
          null,
          null,
          null,
          null,
          null
        ]
      },
      "/Users/tracy/src/rails/2.7/book_searcher/app/mailers/application_mailer.rb": {
        "lines": [
          0,
          0,
          0,
          0
        ],
        "branches": {
        }
      },
      "/Users/tracy/src/rails/2.7/book_searcher/app/channels/application_cable/connection.rb": {
        "lines": [
          0,
          0,
          0,
          0
        ],
        "branches": {
        }
      },
      "/Users/tracy/src/rails/2.7/book_searcher/app/channels/application_cable/channel.rb": {
        "lines": [
          0,
          0,
          0,
          0
        ],
        "branches": {
        }
      }
    },
    "timestamp": 1607908438
  }
}
